Arguments: 
  /Users/mcf/.nvm/versions/node/v6.9.1/bin/node /Users/mcf/.nvm/versions/node/v6.9.1/bin/yarn add vue-template-es2015-compiler

PATH: 
  /Users/mcf/.nvm/versions/node/v6.9.1/bin:/usr/local/bin:/usr/bin:/bin:/usr/sbin:/sbin

Yarn version: 
  0.17.8

Node version: 
  6.9.1

Platform: 
  darwin x64

npm manifest: 
  {
    "name": "bikegroup",
    "version": "0.0.1",
    "description": "biketo Activity bikegroup",
    "private": true,
    "scripts": {
      "s": "fis3 server start",
      "w": "fis3 release -cwL",
      "prod": "fis3 release prod -cd ../mobile_prod"
    },
    "keywords": [
      "activity",
      "bikegroup"
    ],
    "dependencies": {
      "vue": "^2.0.0",
      "vue-router": "^2.0.0",
      "vue-server-renderer": "^2.0.0",
      "vuex": "^2.0.0",
      "vuex-router-sync": "^3.0.0"
    },
    "devDependencies": {
      "fis3-hook-commonjs": "^0.1.25",
      "fis3-hook-relative": "^1.0.9",
      "fis3-postpackager-loader": "^2.0.5",
      "fis3-preprocessor-autoprefixer": "^0.1.1",
      "fis-parser-node-sass": "^0.1.9",
      "fis3-preprocessor-browserify": "^1.0.0"
    }
  }

yarn manifest: 
  No manifest

Lockfile: 
  # THIS IS AN AUTOGENERATED FILE. DO NOT EDIT THIS FILE DIRECTLY.
  # yarn lockfile v1
  
  
  abbrev@1:
    version "1.0.9"
    resolved "http://registry.npm.taobao.org/abbrev/download/abbrev-1.0.9.tgz#91b4792588a7738c25f35dd6f63752a2f8776135"
  
  acorn@^3.1.0:
    version "3.3.0"
    resolved "http://registry.npm.taobao.org/acorn/download/acorn-3.3.0.tgz#45e37fb39e8da3f25baee3ff5369e2bb5f22017a"
  
  amdefine@>=0.0.4:
    version "1.0.1"
    resolved "http://registry.npm.taobao.org/amdefine/download/amdefine-1.0.1.tgz#4a5282ac164729e93619bcfd3ad151f817ce91f5"
  
  ansi-regex@^2.0.0:
    version "2.0.0"
    resolved "http://registry.npm.taobao.org/ansi-regex/download/ansi-regex-2.0.0.tgz#c5061b6e0ef8a81775e50f5d66151bf6bf371107"
  
  ansi-styles@^2.2.1:
    version "2.2.1"
    resolved "http://registry.npm.taobao.org/ansi-styles/download/ansi-styles-2.2.1.tgz#b432dd3358b634cf75e1e4664368240533c1ddbe"
  
  aproba@^1.0.3:
    version "1.0.4"
    resolved "http://registry.npm.taobao.org/aproba/download/aproba-1.0.4.tgz#2713680775e7614c8ba186c065d4e2e52d1072c0"
  
  are-we-there-yet@~1.1.2:
    version "1.1.2"
    resolved "http://registry.npm.taobao.org/are-we-there-yet/download/are-we-there-yet-1.1.2.tgz#80e470e95a084794fe1899262c5667c6e88de1b3"
    dependencies:
      delegates "^1.0.0"
      readable-stream "^2.0.0 || ^1.1.13"
  
  array-find-index@^1.0.1:
    version "1.0.2"
    resolved "http://registry.npm.taobao.org/array-find-index/download/array-find-index-1.0.2.tgz#df010aa1287e164bbda6f9723b0a96a1ec4187a1"
  
  array-index@^1.0.0:
    version "1.0.0"
    resolved "http://registry.npm.taobao.org/array-index/download/array-index-1.0.0.tgz#ec56a749ee103e4e08c790b9c353df16055b97f9"
    dependencies:
      debug "^2.2.0"
      es6-symbol "^3.0.2"
  
  asn1@~0.2.3:
    version "0.2.3"
    resolved "http://registry.npm.taobao.org/asn1/download/asn1-0.2.3.tgz#dac8787713c9966849fc8180777ebe9c1ddf3b86"
  
  assert-plus@^0.2.0:
    version "0.2.0"
    resolved "http://registry.npm.taobao.org/assert-plus/download/assert-plus-0.2.0.tgz#d74e1b87e7affc0db8aadb7021f3fe48101ab234"
  
  assert-plus@^1.0.0:
    version "1.0.0"
    resolved "http://registry.npm.taobao.org/assert-plus/download/assert-plus-1.0.0.tgz#f12e0f3c5d77b0b1cdd9146942e4e96c1e4dd525"
  
  ast-types@0.9.2:
    version "0.9.2"
    resolved "http://registry.npm.taobao.org/ast-types/download/ast-types-0.9.2.tgz#2cc19979d15c655108bf565323b8e7ee38751f6b"
  
  async-foreach@^0.1.3:
    version "0.1.3"
    resolved "http://registry.npm.taobao.org/async-foreach/download/async-foreach-0.1.3.tgz#36121f845c0578172de419a97dbeb1d16ec34542"
  
  asynckit@^0.4.0:
    version "0.4.0"
    resolved "http://registry.npm.taobao.org/asynckit/download/asynckit-0.4.0.tgz#c79ed97f7f34cb8f2ba1bc9790bcc366474b4b79"
  
  autoprefixer@^6.1.2:
    version "6.5.3"
    resolved "http://registry.npm.taobao.org/autoprefixer/download/autoprefixer-6.5.3.tgz#2d853af66d04449fcf50db3066279ab54c3e4b01"
    dependencies:
      browserslist "~1.4.0"
      caniuse-db "^1.0.30000578"
      normalize-range "^0.1.2"
      num2fraction "^1.2.2"
      postcss "^5.2.5"
      postcss-value-parser "^3.2.3"
  
  aws-sign2@~0.6.0:
    version "0.6.0"
    resolved "http://registry.npm.taobao.org/aws-sign2/download/aws-sign2-0.6.0.tgz#14342dd38dbcc94d0e5b87d763cd63612c0e794f"
  
  aws4@^1.2.1:
    version "1.5.0"
    resolved "http://registry.npm.taobao.org/aws4/download/aws4-1.5.0.tgz#0a29ffb79c31c9e712eeb087e8e7a64b4a56d755"
  
  balanced-match@^0.4.1:
    version "0.4.2"
    resolved "http://registry.npm.taobao.org/balanced-match/download/balanced-match-0.4.2.tgz#cb3f3e3c732dc0f01ee70b403f302e61d7709838"
  
  base62@^1.1.0:
    version "1.1.2"
    resolved "http://registry.npm.taobao.org/base62/download/base62-1.1.2.tgz#22ced6a49913565bc0b8d9a11563a465c084124c"
  
  bcrypt-pbkdf@^1.0.0:
    version "1.0.0"
    resolved "http://registry.npm.taobao.org/bcrypt-pbkdf/download/bcrypt-pbkdf-1.0.0.tgz#3ca76b85241c7170bf7d9703e7b9aa74630040d4"
    dependencies:
      tweetnacl "^0.14.3"
  
  block-stream@*:
    version "0.0.9"
    resolved "http://registry.npm.taobao.org/block-stream/download/block-stream-0.0.9.tgz#13ebfe778a03205cfe03751481ebb4b3300c126a"
    dependencies:
      inherits "~2.0.0"
  
  boom@2.x.x:
    version "2.10.1"
    resolved "http://registry.npm.taobao.org/boom/download/boom-2.10.1.tgz#39c8918ceff5799f83f9492a848f625add0c766f"
    dependencies:
      hoek "2.x.x"
  
  brace-expansion@^1.0.0:
    version "1.1.6"
    resolved "http://registry.npm.taobao.org/brace-expansion/download/brace-expansion-1.1.6.tgz#7197d7eaa9b87e648390ea61fc66c84427420df9"
    dependencies:
      balanced-match "^0.4.1"
      concat-map "0.0.1"
  
  browserslist@~1.4.0:
    version "1.4.0"
    resolved "http://registry.npm.taobao.org/browserslist/download/browserslist-1.4.0.tgz#9cfdcf5384d9158f5b70da2aa00b30e8ff019049"
    dependencies:
      caniuse-db "^1.0.30000539"
  
  builtin-modules@^1.0.0:
    version "1.1.1"
    resolved "http://registry.npm.taobao.org/builtin-modules/download/builtin-modules-1.1.1.tgz#270f076c5a72c02f5b65a47df94c5fe3a278892f"
  
  camelcase-keys@^2.0.0:
    version "2.1.0"
    resolved "http://registry.npm.taobao.org/camelcase-keys/download/camelcase-keys-2.1.0.tgz#308beeaffdf28119051efa1d932213c91b8f92e7"
    dependencies:
      camelcase "^2.0.0"
      map-obj "^1.0.0"
  
  camelcase@^2.0.0:
    version "2.1.1"
    resolved "http://registry.npm.taobao.org/camelcase/download/camelcase-2.1.1.tgz#7c1d16d679a1bbe59ca02cacecfb011e201f5a1f"
  
  camelcase@^3.0.0:
    version "3.0.0"
    resolved "http://registry.npm.taobao.org/camelcase/download/camelcase-3.0.0.tgz#32fc4b9fcdaf845fcdf7e73bb97cac2261f0ab0a"
  
  caniuse-db@^1.0.30000539, caniuse-db@^1.0.30000578:
    version "1.0.30000585"
    resolved "http://registry.npm.taobao.org/caniuse-db/download/caniuse-db-1.0.30000585.tgz#9509aeb2bd1df72155cc7d80074f2ad79560ae28"
  
  caseless@~0.11.0:
    version "0.11.0"
    resolved "http://registry.npm.taobao.org/caseless/download/caseless-0.11.0.tgz#715b96ea9841593cc33067923f5ec60ebda4f7d7"
  
  chalk@^1.1.1, chalk@^1.1.3:
    version "1.1.3"
    resolved "http://registry.npm.taobao.org/chalk/download/chalk-1.1.3.tgz#a8115c55e4a702fe4d150abd3872822a7e09fc98"
    dependencies:
      ansi-styles "^2.2.1"
      escape-string-regexp "^1.0.2"
      has-ansi "^2.0.0"
      strip-ansi "^3.0.0"
      supports-color "^2.0.0"
  
  cliui@^3.2.0:
    version "3.2.0"
    resolved "http://registry.npm.taobao.org/cliui/download/cliui-3.2.0.tgz#120601537a916d29940f934da3b48d585a39213d"
    dependencies:
      string-width "^1.0.1"
      strip-ansi "^3.0.1"
      wrap-ansi "^2.0.0"
  
  code-point-at@^1.0.0:
    version "1.1.0"
    resolved "http://registry.npm.taobao.org/code-point-at/download/code-point-at-1.1.0.tgz#0d070b4d043a5bea33a2f1a40e2edb3d9a4ccf77"
  
  combined-stream@^1.0.5, combined-stream@~1.0.5:
    version "1.0.5"
    resolved "http://registry.npm.taobao.org/combined-stream/download/combined-stream-1.0.5.tgz#938370a57b4a51dea2c77c15d5c5fdf895164009"
    dependencies:
      delayed-stream "~1.0.0"
  
  commander@^2.5.0, commander@^2.9.0:
    version "2.9.0"
    resolved "http://registry.npm.taobao.org/commander/download/commander-2.9.0.tgz#9c99094176e12240cb22d6c5146098400fe0f7d4"
    dependencies:
      graceful-readlink ">= 1.0.0"
  
  commoner@^0.10.1:
    version "0.10.8"
    resolved "http://registry.npm.taobao.org/commoner/download/commoner-0.10.8.tgz#34fc3672cd24393e8bb47e70caa0293811f4f2c5"
    dependencies:
      commander "^2.5.0"
      detective "^4.3.1"
      glob "^5.0.15"
      graceful-fs "^4.1.2"
      iconv-lite "^0.4.5"
      mkdirp "^0.5.0"
      private "^0.1.6"
      q "^1.1.2"
      recast "^0.11.17"
  
  concat-map@0.0.1:
    version "0.0.1"
    resolved "http://registry.npm.taobao.org/concat-map/download/concat-map-0.0.1.tgz#d8a96bd77fd68df7793a73036a3ba0d5405d477b"
  
  concat-stream@^1.4.7:
    version "1.4.10"
    resolved "http://registry.npm.taobao.org/concat-stream/download/concat-stream-1.4.10.tgz#acc3bbf5602cb8cc980c6ac840fa7d8603e3ef36"
    dependencies:
      inherits "~2.0.1"
      readable-stream "~1.1.9"
      typedarray "~0.0.5"
  
  config-chain@~1.1.8:
    version "1.1.11"
    resolved "http://registry.npm.taobao.org/config-chain/download/config-chain-1.1.11.tgz#aba09747dfbe4c3e70e766a6e41586e1859fc6f2"
    dependencies:
      ini "^1.3.4"
      proto-list "~1.2.1"
  
  console-control-strings@^1.0.0, console-control-strings@~1.1.0:
    version "1.1.0"
    resolved "http://registry.npm.taobao.org/console-control-strings/download/console-control-strings-1.1.0.tgz#3d7cf4464db6446ea644bf4b39507f9851008e8e"
  
  core-util-is@~1.0.0:
    version "1.0.2"
    resolved "http://registry.npm.taobao.org/core-util-is/download/core-util-is-1.0.2.tgz#b5fd54220aa2bc5ab57aab7140c940754503c1a7"
  
  cross-spawn-async@^2.2.2:
    version "2.2.5"
    resolved "http://registry.npm.taobao.org/cross-spawn-async/download/cross-spawn-async-2.2.5.tgz#845ff0c0834a3ded9d160daca6d390906bb288cc"
    dependencies:
      lru-cache "^4.0.0"
      which "^1.2.8"
  
  cross-spawn@^2.0.0:
    version "2.2.3"
    resolved "http://registry.npm.taobao.org/cross-spawn/download/cross-spawn-2.2.3.tgz#fac56202dfd3d0dd861778f2da203bf434bb821c"
    dependencies:
      cross-spawn-async "^2.2.2"
      spawn-sync "^1.0.15"
  
  cryptiles@2.x.x:
    version "2.0.5"
    resolved "http://registry.npm.taobao.org/cryptiles/download/cryptiles-2.0.5.tgz#3bdfecdc608147c1c67202fa291e7dca59eaa3b8"
    dependencies:
      boom "2.x.x"
  
  currently-unhandled@^0.4.1:
    version "0.4.1"
    resolved "http://registry.npm.taobao.org/currently-unhandled/download/currently-unhandled-0.4.1.tgz#988df33feab191ef799a61369dd76c17adf957ea"
    dependencies:
      array-find-index "^1.0.1"
  
  d@^0.1.1, d@~0.1.1:
    version "0.1.1"
    resolved "http://registry.npm.taobao.org/d/download/d-0.1.1.tgz#da184c535d18d8ee7ba2aa229b914009fae11309"
    dependencies:
      es5-ext "~0.10.2"
  
  dashdash@^1.12.0:
    version "1.14.1"
    resolved "http://registry.npm.taobao.org/dashdash/download/dashdash-1.14.1.tgz#853cfa0f7cbe2fed5de20326b8dd581035f6e2f0"
    dependencies:
      assert-plus "^1.0.0"
  
  debug@^2.2.0:
    version "2.3.3"
    resolved "http://registry.npm.taobao.org/debug/download/debug-2.3.3.tgz#40c453e67e6e13c901ddec317af8986cda9eff8c"
    dependencies:
      ms "0.7.2"
  
  decamelize@^1.1.1, decamelize@^1.1.2:
    version "1.2.0"
    resolved "http://registry.npm.taobao.org/decamelize/download/decamelize-1.2.0.tgz#f6534d15148269b20352e7bee26f501f9a191290"
  
  defined@^1.0.0:
    version "1.0.0"
    resolved "http://registry.npm.taobao.org/defined/download/defined-1.0.0.tgz#c98d9bcef75674188e110969151199e39b1fa693"
  
  delayed-stream@~1.0.0:
    version "1.0.0"
    resolved "http://registry.npm.taobao.org/delayed-stream/download/delayed-stream-1.0.0.tgz#df3ae199acadfb7d440aaae0b29e2272b24ec619"
  
  delegates@^1.0.0:
    version "1.0.0"
    resolved "http://registry.npm.taobao.org/delegates/download/delegates-1.0.0.tgz#84c6e159b81904fdca59a0ef44cd870d31250f9a"
  
  detective@^4.3.1:
    version "4.3.2"
    resolved "http://registry.npm.taobao.org/detective/download/detective-4.3.2.tgz#77697e2e7947ac3fe7c8e26a6d6f115235afa91c"
    dependencies:
      acorn "^3.1.0"
      defined "^1.0.0"
  
  ecc-jsbn@~0.1.1:
    version "0.1.1"
    resolved "http://registry.npm.taobao.org/ecc-jsbn/download/ecc-jsbn-0.1.1.tgz#0fc73a9ed5f0d53c38193398523ef7e543777505"
    dependencies:
      jsbn "~0.1.0"
  
  envify@^3.4.0:
    version "3.4.1"
    resolved "http://registry.npm.taobao.org/envify/download/envify-3.4.1.tgz#d7122329e8df1688ba771b12501917c9ce5cbce8"
    dependencies:
      jstransform "^11.0.3"
      through "~2.3.4"
  
  error-ex@^1.2.0:
    version "1.3.0"
    resolved "http://registry.npm.taobao.org/error-ex/download/error-ex-1.3.0.tgz#e67b43f3e82c96ea3a584ffee0b9fc3325d802d9"
    dependencies:
      is-arrayish "^0.2.1"
  
  es5-ext@^0.10.7, es5-ext@^0.10.8, es5-ext@~0.10.11, es5-ext@~0.10.2, es5-ext@~0.10.7:
    version "0.10.12"
    resolved "http://registry.npm.taobao.org/es5-ext/download/es5-ext-0.10.12.tgz#aa84641d4db76b62abba5e45fd805ecbab140047"
    dependencies:
      es6-iterator "2"
      es6-symbol "~3.1"
  
  es6-iterator@2:
    version "2.0.0"
    resolved "http://registry.npm.taobao.org/es6-iterator/download/es6-iterator-2.0.0.tgz#bd968567d61635e33c0b80727613c9cb4b096bac"
    dependencies:
      d "^0.1.1"
      es5-ext "^0.10.7"
      es6-symbol "3"
  
  es6-map@^0.1.3:
    version "0.1.4"
    resolved "http://registry.npm.taobao.org/es6-map/download/es6-map-0.1.4.tgz#a34b147be224773a4d7da8072794cefa3632b897"
    dependencies:
      d "~0.1.1"
      es5-ext "~0.10.11"
      es6-iterator "2"
      es6-set "~0.1.3"
      es6-symbol "~3.1.0"
      event-emitter "~0.3.4"
  
  es6-set@~0.1.3:
    version "0.1.4"
    resolved "http://registry.npm.taobao.org/es6-set/download/es6-set-0.1.4.tgz#9516b6761c2964b92ff479456233a247dc707ce8"
    dependencies:
      d "~0.1.1"
      es5-ext "~0.10.11"
      es6-iterator "2"
      es6-symbol "3"
      event-emitter "~0.3.4"
  
  es6-symbol@3, es6-symbol@^3.0.2, es6-symbol@~3.1, es6-symbol@~3.1.0:
    version "3.1.0"
    resolved "http://registry.npm.taobao.org/es6-symbol/download/es6-symbol-3.1.0.tgz#94481c655e7a7cad82eba832d97d5433496d7ffa"
    dependencies:
      d "~0.1.1"
      es5-ext "~0.10.11"
  
  es6-weak-map@^2.0.1:
    version "2.0.1"
    resolved "http://registry.npm.taobao.org/es6-weak-map/download/es6-weak-map-2.0.1.tgz#0d2bbd8827eb5fb4ba8f97fbfea50d43db21ea81"
    dependencies:
      d "^0.1.1"
      es5-ext "^0.10.8"
      es6-iterator "2"
      es6-symbol "3"
  
  escape-string-regexp@^1.0.2:
    version "1.0.5"
    resolved "http://registry.npm.taobao.org/escape-string-regexp/download/escape-string-regexp-1.0.5.tgz#1b61c0562190a8dff6ae3bb2cf0200ca130b86d4"
  
  escope@^3.3.0:
    version "3.6.0"
    resolved "http://registry.npm.taobao.org/escope/download/escope-3.6.0.tgz#e01975e812781a163a6dadfdd80398dc64c889c3"
    dependencies:
      es6-map "^0.1.3"
      es6-weak-map "^2.0.1"
      esrecurse "^4.1.0"
      estraverse "^4.1.1"
  
  esprima-fb@^15001.1.0-dev-harmony-fb:
    version "15001.1.0-dev-harmony-fb"
    resolved "http://registry.npm.taobao.org/esprima-fb/download/esprima-fb-15001.1.0-dev-harmony-fb.tgz#30a947303c6b8d5e955bee2b99b1d233206a6901"
  
  esprima@^2.7.1:
    version "2.7.3"
    resolved "http://registry.npm.taobao.org/esprima/download/esprima-2.7.3.tgz#96e3b70d5779f6ad49cd032673d1c312767ba581"
  
  esprima@~3.1.0:
    version "3.1.1"
    resolved "http://registry.npm.taobao.org/esprima/download/esprima-3.1.1.tgz#02dbcc5ac3ece81070377f99158ec742ab5dda06"
  
  esrecurse@^4.1.0:
    version "4.1.0"
    resolved "http://registry.npm.taobao.org/esrecurse/download/esrecurse-4.1.0.tgz#4713b6536adf7f2ac4f327d559e7756bff648220"
    dependencies:
      estraverse "~4.1.0"
      object-assign "^4.0.1"
  
  estraverse@^4.1.1:
    version "4.2.0"
    resolved "http://registry.npm.taobao.org/estraverse/download/estraverse-4.2.0.tgz#0dee3fed31fcd469618ce7342099fc1afa0bdb13"
  
  estraverse@~4.1.0:
    version "4.1.1"
    resolved "http://registry.npm.taobao.org/estraverse/download/estraverse-4.1.1.tgz#f6caca728933a850ef90661d0e17982ba47111a2"
  
  event-emitter@~0.3.4:
    version "0.3.4"
    resolved "http://registry.npm.taobao.org/event-emitter/download/event-emitter-0.3.4.tgz#8d63ddfb4cfe1fae3b32ca265c4c720222080bb5"
    dependencies:
      d "~0.1.1"
      es5-ext "~0.10.7"
  
  extend@~3.0.0:
    version "3.0.0"
    resolved "http://registry.npm.taobao.org/extend/download/extend-3.0.0.tgz#5a474353b9f3353ddd8176dfd37b91c83a46f1d4"
  
  extsprintf@1.0.2:
    version "1.0.2"
    resolved "http://registry.npm.taobao.org/extsprintf/download/extsprintf-1.0.2.tgz#e1080e0658e300b06294990cc70e1502235fd550"
  
  fibers@>=0.6:
    version "1.0.15"
    resolved "http://registry.npm.taobao.org/fibers/download/fibers-1.0.15.tgz#22f039c8f18b856190fbbe4decf056154c1eae9c"
  
  find-up@^1.0.0:
    version "1.1.2"
    resolved "http://registry.npm.taobao.org/find-up/download/find-up-1.1.2.tgz#6b2e9822b1a2ce0a60ab64d610eccad53cb24d0f"
    dependencies:
      path-exists "^2.0.0"
      pinkie-promise "^2.0.0"
  
  fis3-hook-commonjs@^0.1.25:
    version "0.1.25"
    resolved "http://registry.npm.taobao.org/fis3-hook-commonjs/download/fis3-hook-commonjs-0.1.25.tgz#87912d72b6e8291608546ce919ce156af4d6844d"
    dependencies:
      escope "^3.3.0"
      esprima "^2.7.1"
      jstransform "^11.0.3"
      source-map "^0.5.3"
  
  fis3-hook-relative@^1.0.9:
    version "1.0.9"
    resolved "http://registry.npm.taobao.org/fis3-hook-relative/download/fis3-hook-relative-1.0.9.tgz#468f912306db6600ec86c1422bc5b26d45035705"
  
  fis3-parser-node-sass@^0.1.9:
    version "0.1.9"
    resolved "http://registry.npm.taobao.org/fis3-parser-node-sass/download/fis3-parser-node-sass-0.1.9.tgz#30ab1061b90e2f5124e9e84e8db7f446244de96b"
    dependencies:
      node-sass "3.4.2"
  
  fis3-postpackager-loader@^2.0.5:
    version "2.1.4"
    resolved "http://registry.npm.taobao.org/fis3-postpackager-loader/download/fis3-postpackager-loader-2.1.4.tgz#0dbb6d3026dc5c931212619dafb74b042ed7fd83"
    dependencies:
      source-map "^0.5.6"
  
  fis3-preprocessor-autoprefixer@^0.1.1:
    version "0.1.1"
    resolved "http://registry.npm.taobao.org/fis3-preprocessor-autoprefixer/download/fis3-preprocessor-autoprefixer-0.1.1.tgz#37b2544408647e02cb5994e93fa2ccbabe4c3fc7"
    dependencies:
      autoprefixer "^6.1.2"
      postcss "^5.2.4"
  
  forever-agent@~0.6.1:
    version "0.6.1"
    resolved "http://registry.npm.taobao.org/forever-agent/download/forever-agent-0.6.1.tgz#fbc71f0c41adeb37f96c577ad1ed42d8fdacca91"
  
  form-data@~2.1.1:
    version "2.1.2"
    resolved "http://registry.npm.taobao.org/form-data/download/form-data-2.1.2.tgz#89c3534008b97eada4cbb157d58f6f5df025eae4"
    dependencies:
      asynckit "^0.4.0"
      combined-stream "^1.0.5"
      mime-types "^2.1.12"
  
  fs.realpath@^1.0.0:
    version "1.0.0"
    resolved "http://registry.npm.taobao.org/fs.realpath/download/fs.realpath-1.0.0.tgz#1504ad2523158caa40db4a2787cb01411994ea4f"
  
  fstream@^1.0.0, fstream@^1.0.2:
    version "1.0.10"
    resolved "http://registry.npm.taobao.org/fstream/download/fstream-1.0.10.tgz#604e8a92fe26ffd9f6fae30399d4984e1ab22822"
    dependencies:
      graceful-fs "^4.1.2"
      inherits "~2.0.0"
      mkdirp ">=0.5 0"
      rimraf "2"
  
  gauge@~2.6.0:
    version "2.6.0"
    resolved "http://registry.npm.taobao.org/gauge/download/gauge-2.6.0.tgz#d35301ad18e96902b4751dcbbe40f4218b942a46"
    dependencies:
      aproba "^1.0.3"
      console-control-strings "^1.0.0"
      has-color "^0.1.7"
      has-unicode "^2.0.0"
      object-assign "^4.1.0"
      signal-exit "^3.0.0"
      string-width "^1.0.1"
      strip-ansi "^3.0.1"
      wide-align "^1.1.0"
  
  gaze@^0.5.1:
    version "0.5.2"
    resolved "http://registry.npm.taobao.org/gaze/download/gaze-0.5.2.tgz#40b709537d24d1d45767db5a908689dfe69ac44f"
    dependencies:
      globule "~0.1.0"
  
  generate-function@^2.0.0:
    version "2.0.0"
    resolved "http://registry.npm.taobao.org/generate-function/download/generate-function-2.0.0.tgz#6858fe7c0969b7d4e9093337647ac79f60dfbe74"
  
  generate-object-property@^1.1.0:
    version "1.2.0"
    resolved "http://registry.npm.taobao.org/generate-object-property/download/generate-object-property-1.2.0.tgz#9c0e1c40308ce804f4783618b937fa88f99d50d0"
    dependencies:
      is-property "^1.0.0"
  
  get-caller-file@^1.0.1:
    version "1.0.2"
    resolved "http://registry.npm.taobao.org/get-caller-file/download/get-caller-file-1.0.2.tgz#f702e63127e7e231c160a80c1554acb70d5047e5"
  
  get-stdin@^4.0.1:
    version "4.0.1"
    resolved "http://registry.npm.taobao.org/get-stdin/download/get-stdin-4.0.1.tgz#b968c6b0a04384324902e8bf1a5df32579a450fe"
  
  getpass@^0.1.1:
    version "0.1.6"
    resolved "http://registry.npm.taobao.org/getpass/download/getpass-0.1.6.tgz#283ffd9fc1256840875311c1b60e8c40187110e6"
    dependencies:
      assert-plus "^1.0.0"
  
  glob@^5.0.14, glob@^5.0.15:
    version "5.0.15"
    resolved "http://registry.npm.taobao.org/glob/download/glob-5.0.15.tgz#1bc936b9e02f4a603fcc222ecf7633d30b8b93b1"
    dependencies:
      inflight "^1.0.4"
      inherits "2"
      minimatch "2 || 3"
      once "^1.3.0"
      path-is-absolute "^1.0.0"
  
  glob@^7.0.0, glob@^7.0.3, glob@^7.0.5:
    version "7.1.1"
    resolved "http://registry.npm.taobao.org/glob/download/glob-7.1.1.tgz#805211df04faaf1c63a3600306cdf5ade50b2ec8"
    dependencies:
      fs.realpath "^1.0.0"
      inflight "^1.0.4"
      inherits "2"
      minimatch "^3.0.2"
      once "^1.3.0"
      path-is-absolute "^1.0.0"
  
  glob@~3.1.21:
    version "3.1.21"
    resolved "http://registry.npm.taobao.org/glob/download/glob-3.1.21.tgz#d29e0a055dea5138f4d07ed40e8982e83c2066cd"
    dependencies:
      graceful-fs "~1.2.0"
      inherits "1"
      minimatch "~0.2.11"
  
  globule@~0.1.0:
    version "0.1.0"
    resolved "http://registry.npm.taobao.org/globule/download/globule-0.1.0.tgz#d9c8edde1da79d125a151b79533b978676346ae5"
    dependencies:
      glob "~3.1.21"
      lodash "~1.0.1"
      minimatch "~0.2.11"
  
  graceful-fs@^4.1.2:
    version "4.1.11"
    resolved "http://registry.npm.taobao.org/graceful-fs/download/graceful-fs-4.1.11.tgz#0e8bdfe4d1ddb8854d64e04ea7c00e2a026e5658"
  
  graceful-fs@~1.2.0:
    version "1.2.3"
    resolved "http://registry.npm.taobao.org/graceful-fs/download/graceful-fs-1.2.3.tgz#15a4806a57547cb2d2dbf27f42e89a8c3451b364"
  
  "graceful-readlink@>= 1.0.0":
    version "1.0.1"
    resolved "http://registry.npm.taobao.org/graceful-readlink/download/graceful-readlink-1.0.1.tgz#4cafad76bc62f02fa039b2f94e9a3dd3a391a725"
  
  har-validator@~2.0.6:
    version "2.0.6"
    resolved "http://registry.npm.taobao.org/har-validator/download/har-validator-2.0.6.tgz#cdcbc08188265ad119b6a5a7c8ab70eecfb5d27d"
    dependencies:
      chalk "^1.1.1"
      commander "^2.9.0"
      is-my-json-valid "^2.12.4"
      pinkie-promise "^2.0.0"
  
  has-ansi@^2.0.0:
    version "2.0.0"
    resolved "http://registry.npm.taobao.org/has-ansi/download/has-ansi-2.0.0.tgz#34f5049ce1ecdf2b0649af3ef24e45ed35416d91"
    dependencies:
      ansi-regex "^2.0.0"
  
  has-color@^0.1.7:
    version "0.1.7"
    resolved "http://registry.npm.taobao.org/has-color/download/has-color-0.1.7.tgz#67144a5260c34fc3cca677d041daf52fe7b78b2f"
  
  has-flag@^1.0.0:
    version "1.0.0"
    resolved "http://registry.npm.taobao.org/has-flag/download/has-flag-1.0.0.tgz#9d9e793165ce017a00f00418c43f942a7b1d11fa"
  
  has-unicode@^2.0.0:
    version "2.0.1"
    resolved "http://registry.npm.taobao.org/has-unicode/download/has-unicode-2.0.1.tgz#e0e6fe6a28cf51138855e086d1691e771de2a8b9"
  
  hawk@~3.1.3:
    version "3.1.3"
    resolved "http://registry.npm.taobao.org/hawk/download/hawk-3.1.3.tgz#078444bd7c1640b0fe540d2c9b73d59678e8e1c4"
    dependencies:
      boom "2.x.x"
      cryptiles "2.x.x"
      hoek "2.x.x"
      sntp "1.x.x"
  
  hoek@2.x.x:
    version "2.16.3"
    resolved "http://registry.npm.taobao.org/hoek/download/hoek-2.16.3.tgz#20bb7403d3cea398e91dc4710a8ff1b8274a25ed"
  
  hosted-git-info@^2.1.4:
    version "2.1.5"
    resolved "http://registry.npm.taobao.org/hosted-git-info/download/hosted-git-info-2.1.5.tgz#0ba81d90da2e25ab34a332e6ec77936e1598118b"
  
  http-signature@~1.1.0:
    version "1.1.1"
    resolved "http://registry.npm.taobao.org/http-signature/download/http-signature-1.1.1.tgz#df72e267066cd0ac67fb76adf8e134a8fbcf91bf"
    dependencies:
      assert-plus "^0.2.0"
      jsprim "^1.2.2"
      sshpk "^1.7.0"
  
  iconv-lite@^0.4.5:
    version "0.4.15"
    resolved "http://registry.npm.taobao.org/iconv-lite/download/iconv-lite-0.4.15.tgz#fe265a218ac6a57cfe854927e9d04c19825eddeb"
  
  indent-string@^2.1.0:
    version "2.1.0"
    resolved "http://registry.npm.taobao.org/indent-string/download/indent-string-2.1.0.tgz#8e2d48348742121b4a8218b7a137e9a52049dc80"
    dependencies:
      repeating "^2.0.0"
  
  inflight@^1.0.4:
    version "1.0.6"
    resolved "http://registry.npm.taobao.org/inflight/download/inflight-1.0.6.tgz#49bd6331d7d02d0c09bc910a1075ba8165b56df9"
    dependencies:
      once "^1.3.0"
      wrappy "1"
  
  inherits@1:
    version "1.0.2"
    resolved "http://registry.npm.taobao.org/inherits/download/inherits-1.0.2.tgz#ca4309dadee6b54cc0b8d247e8d7c7a0975bdc9b"
  
  inherits@2, inherits@~2.0.0, inherits@~2.0.1:
    version "2.0.3"
    resolved "http://registry.npm.taobao.org/inherits/download/inherits-2.0.3.tgz#633c2c83e3da42a502f52466022480f4208261de"
  
  ini@^1.2.0, ini@^1.3.4:
    version "1.3.4"
    resolved "http://registry.npm.taobao.org/ini/download/ini-1.3.4.tgz#0537cb79daf59b59a1a517dff706c86ec039162e"
  
  invert-kv@^1.0.0:
    version "1.0.0"
    resolved "http://registry.npm.taobao.org/invert-kv/download/invert-kv-1.0.0.tgz#104a8e4aaca6d3d8cd157a8ef8bfab2d7a3ffdb6"
  
  is-arrayish@^0.2.1:
    version "0.2.1"
    resolved "http://registry.npm.taobao.org/is-arrayish/download/is-arrayish-0.2.1.tgz#77c99840527aa8ecb1a8ba697b80645a7a926a9d"
  
  is-builtin-module@^1.0.0:
    version "1.0.0"
    resolved "http://registry.npm.taobao.org/is-builtin-module/download/is-builtin-module-1.0.0.tgz#540572d34f7ac3119f8f76c30cbc1b1e037affbe"
    dependencies:
      builtin-modules "^1.0.0"
  
  is-finite@^1.0.0:
    version "1.0.2"
    resolved "http://registry.npm.taobao.org/is-finite/download/is-finite-1.0.2.tgz#cc6677695602be550ef11e8b4aa6305342b6d0aa"
    dependencies:
      number-is-nan "^1.0.0"
  
  is-fullwidth-code-point@^1.0.0:
    version "1.0.0"
    resolved "http://registry.npm.taobao.org/is-fullwidth-code-point/download/is-fullwidth-code-point-1.0.0.tgz#ef9e31386f031a7f0d643af82fde50c457ef00cb"
    dependencies:
      number-is-nan "^1.0.0"
  
  is-my-json-valid@^2.12.4:
    version "2.15.0"
    resolved "http://registry.npm.taobao.org/is-my-json-valid/download/is-my-json-valid-2.15.0.tgz#936edda3ca3c211fd98f3b2d3e08da43f7b2915b"
    dependencies:
      generate-function "^2.0.0"
      generate-object-property "^1.1.0"
      jsonpointer "^4.0.0"
      xtend "^4.0.0"
  
  is-property@^1.0.0:
    version "1.0.2"
    resolved "http://registry.npm.taobao.org/is-property/download/is-property-1.0.2.tgz#57fe1c4e48474edd65b09911f26b1cd4095dda84"
  
  is-typedarray@~1.0.0:
    version "1.0.0"
    resolved "http://registry.npm.taobao.org/is-typedarray/download/is-typedarray-1.0.0.tgz#e479c80858df0c1b11ddda6940f96011fcda4a9a"
  
  is-utf8@^0.2.0:
    version "0.2.1"
    resolved "http://registry.npm.taobao.org/is-utf8/download/is-utf8-0.2.1.tgz#4b0da1442104d1b336340e80797e865cf39f7d72"
  
  isarray@0.0.1:
    version "0.0.1"
    resolved "http://registry.npm.taobao.org/isarray/download/isarray-0.0.1.tgz#8a18acfca9a8f4177e09abfc6038939b05d1eedf"
  
  isexe@^1.1.1:
    version "1.1.2"
    resolved "http://registry.npm.taobao.org/isexe/download/isexe-1.1.2.tgz#36f3e22e60750920f5e7241a476a8c6a42275ad0"
  
  isstream@~0.1.2:
    version "0.1.2"
    resolved "http://registry.npm.taobao.org/isstream/download/isstream-0.1.2.tgz#47e63f7af55afa6f92e1500e690eb8b8529c099a"
  
  jodid25519@^1.0.0:
    version "1.0.2"
    resolved "http://registry.npm.taobao.org/jodid25519/download/jodid25519-1.0.2.tgz#06d4912255093419477d425633606e0e90782967"
    dependencies:
      jsbn "~0.1.0"
  
  js-base64@^2.1.9:
    version "2.1.9"
    resolved "http://registry.npm.taobao.org/js-base64/download/js-base64-2.1.9.tgz#f0e80ae039a4bd654b5f281fc93f04a914a7fcce"
  
  jsbn@~0.1.0:
    version "0.1.0"
    resolved "http://registry.npm.taobao.org/jsbn/download/jsbn-0.1.0.tgz#650987da0dd74f4ebf5a11377a2aa2d273e97dfd"
  
  json-schema@0.2.3:
    version "0.2.3"
    resolved "http://registry.npm.taobao.org/json-schema/download/json-schema-0.2.3.tgz#b480c892e59a2f05954ce727bd3f2a4e882f9e13"
  
  json-stringify-safe@~5.0.1:
    version "5.0.1"
    resolved "http://registry.npm.taobao.org/json-stringify-safe/download/json-stringify-safe-5.0.1.tgz#1296a2d58fd45f19a0f6ce01d65701e2c735b6eb"
  
  jsonpointer@^4.0.0:
    version "4.0.0"
    resolved "http://registry.npm.taobao.org/jsonpointer/download/jsonpointer-4.0.0.tgz#6661e161d2fc445f19f98430231343722e1fcbd5"
  
  jsprim@^1.2.2:
    version "1.3.1"
    resolved "http://registry.npm.taobao.org/jsprim/download/jsprim-1.3.1.tgz#2a7256f70412a29ee3670aaca625994c4dcff252"
    dependencies:
      extsprintf "1.0.2"
      json-schema "0.2.3"
      verror "1.3.6"
  
  jstransform@^11.0.3:
    version "11.0.3"
    resolved "http://registry.npm.taobao.org/jstransform/download/jstransform-11.0.3.tgz#09a78993e0ae4d4ef4487f6155a91f6190cb4223"
    dependencies:
      base62 "^1.1.0"
      commoner "^0.10.1"
      esprima-fb "^15001.1.0-dev-harmony-fb"
      object-assign "^2.0.0"
      source-map "^0.4.2"
  
  lcid@^1.0.0:
    version "1.0.0"
    resolved "http://registry.npm.taobao.org/lcid/download/lcid-1.0.0.tgz#308accafa0bc483a3867b4b6f2b9506251d1b835"
    dependencies:
      invert-kv "^1.0.0"
  
  load-json-file@^1.0.0:
    version "1.1.0"
    resolved "http://registry.npm.taobao.org/load-json-file/download/load-json-file-1.1.0.tgz#956905708d58b4bab4c2261b04f59f31c99374c0"
    dependencies:
      graceful-fs "^4.1.2"
      parse-json "^2.2.0"
      pify "^2.0.0"
      pinkie-promise "^2.0.0"
      strip-bom "^2.0.0"
  
  lodash.assign@^4.0.3, lodash.assign@^4.0.6:
    version "4.2.0"
    resolved "http://registry.npm.taobao.org/lodash.assign/download/lodash.assign-4.2.0.tgz#0d99f3ccd7a6d261d19bdaeb9245005d285808e7"
  
  lodash@^4.0.0:
    version "4.17.2"
    resolved "http://registry.npm.taobao.org/lodash/download/lodash-4.17.2.tgz#34a3055babe04ce42467b607d700072c7ff6bf42"
  
  lodash@~1.0.1:
    version "1.0.2"
    resolved "http://registry.npm.taobao.org/lodash/download/lodash-1.0.2.tgz#8f57560c83b59fc270bd3d561b690043430e2551"
  
  loud-rejection@^1.0.0:
    version "1.6.0"
    resolved "http://registry.npm.taobao.org/loud-rejection/download/loud-rejection-1.6.0.tgz#5b46f80147edee578870f086d04821cf998e551f"
    dependencies:
      currently-unhandled "^0.4.1"
      signal-exit "^3.0.0"
  
  lru-cache@2:
    version "2.5.2"
    resolved "http://registry.npm.taobao.org/lru-cache/download/lru-cache-2.5.2.tgz#1fddad938aae1263ce138680be1b3f591c0ab41c"
  
  lru-cache@^4.0.0:
    version "4.0.1"
    resolved "http://registry.npm.taobao.org/lru-cache/download/lru-cache-4.0.1.tgz#1343955edaf2e37d9b9e7ee7241e27c4b9fb72be"
    dependencies:
      pseudomap "^1.0.1"
      yallist "^2.0.0"
  
  map-obj@^1.0.0, map-obj@^1.0.1:
    version "1.0.1"
    resolved "http://registry.npm.taobao.org/map-obj/download/map-obj-1.0.1.tgz#d933ceb9205d82bdcf4886f6742bdc2b4dea146d"
  
  meow@^3.3.0:
    version "3.7.0"
    resolved "http://registry.npm.taobao.org/meow/download/meow-3.7.0.tgz#72cb668b425228290abbfa856892587308a801fb"
    dependencies:
      camelcase-keys "^2.0.0"
      decamelize "^1.1.2"
      loud-rejection "^1.0.0"
      map-obj "^1.0.1"
      minimist "^1.1.3"
      normalize-package-data "^2.3.4"
      object-assign "^4.0.1"
      read-pkg-up "^1.0.1"
      redent "^1.0.0"
      trim-newlines "^1.0.0"
  
  mime-db@~1.25.0:
    version "1.25.0"
    resolved "http://registry.npm.taobao.org/mime-db/download/mime-db-1.25.0.tgz#c18dbd7c73a5dbf6f44a024dc0d165a1e7b1c392"
  
  mime-types@^2.1.12, mime-types@~2.1.7:
    version "2.1.13"
    resolved "http://registry.npm.taobao.org/mime-types/download/mime-types-2.1.13.tgz#e07aaa9c6c6b9a7ca3012c69003ad25a39e92a88"
    dependencies:
      mime-db "~1.25.0"
  
  "minimatch@2 || 3", minimatch@^3.0.2:
    version "3.0.3"
    resolved "http://registry.npm.taobao.org/minimatch/download/minimatch-3.0.3.tgz#2a4e4090b96b2db06a9d7df01055a62a77c9b774"
    dependencies:
      brace-expansion "^1.0.0"
  
  minimatch@~0.2.11:
    version "0.2.14"
    resolved "http://registry.npm.taobao.org/minimatch/download/minimatch-0.2.14.tgz#c74e780574f63c6f9a090e90efbe6ef53a6a756a"
    dependencies:
      lru-cache "2"
      sigmund "~1.0.0"
  
  minimist@0.0.8:
    version "0.0.8"
    resolved "http://registry.npm.taobao.org/minimist/download/minimist-0.0.8.tgz#857fcabfc3397d2625b8228262e86aa7a011b05d"
  
  minimist@^1.1.3:
    version "1.2.0"
    resolved "http://registry.npm.taobao.org/minimist/download/minimist-1.2.0.tgz#a35008b20f41383eec1fb914f4cd5df79a264284"
  
  "mkdirp@>=0.5 0", mkdirp@^0.5.0, mkdirp@^0.5.1:
    version "0.5.1"
    resolved "http://registry.npm.taobao.org/mkdirp/download/mkdirp-0.5.1.tgz#30057438eac6cf7f8c4767f38648d6697d75c903"
    dependencies:
      minimist "0.0.8"
  
  ms@0.7.2:
    version "0.7.2"
    resolved "http://registry.npm.taobao.org/ms/download/ms-0.7.2.tgz#ae25cf2512b3885a1d95d7f037868d8431124765"
  
  nan@^2.0.8:
    version "2.4.0"
    resolved "http://registry.npm.taobao.org/nan/download/nan-2.4.0.tgz#fb3c59d45fe4effe215f0b890f8adf6eb32d2232"
  
  node-gyp@^3.0.1:
    version "3.4.0"
    resolved "http://registry.npm.taobao.org/node-gyp/download/node-gyp-3.4.0.tgz#dda558393b3ecbbe24c9e6b8703c71194c63fa36"
    dependencies:
      fstream "^1.0.0"
      glob "^7.0.3"
      graceful-fs "^4.1.2"
      minimatch "^3.0.2"
      mkdirp "^0.5.0"
      nopt "2 || 3"
      npmlog "0 || 1 || 2 || 3"
      osenv "0"
      path-array "^1.0.0"
      request "2"
      rimraf "2"
      semver "2.x || 3.x || 4 || 5"
      tar "^2.0.0"
      which "1"
  
  node-sass@3.4.2:
    version "3.4.2"
    resolved "http://registry.npm.taobao.org/node-sass/download/node-sass-3.4.2.tgz#ef61069927f1578ae51408ed60298449c4cdd294"
    dependencies:
      async-foreach "^0.1.3"
      chalk "^1.1.1"
      cross-spawn "^2.0.0"
      gaze "^0.5.1"
      get-stdin "^4.0.1"
      glob "^5.0.14"
      meow "^3.3.0"
      mkdirp "^0.5.1"
      nan "^2.0.8"
      node-gyp "^3.0.1"
      npmconf "^2.1.2"
      request "^2.61.0"
      sass-graph "^2.0.1"
  
  "nopt@2 || 3", nopt@~3.0.1:
    version "3.0.6"
    resolved "http://registry.npm.taobao.org/nopt/download/nopt-3.0.6.tgz#c6465dbf08abcd4db359317f79ac68a646b28ff9"
    dependencies:
      abbrev "1"
  
  normalize-package-data@^2.3.2, normalize-package-data@^2.3.4:
    version "2.3.5"
    resolved "http://registry.npm.taobao.org/normalize-package-data/download/normalize-package-data-2.3.5.tgz#8d924f142960e1777e7ffe170543631cc7cb02df"
    dependencies:
      hosted-git-info "^2.1.4"
      is-builtin-module "^1.0.0"
      semver "2 || 3 || 4 || 5"
      validate-npm-package-license "^3.0.1"
  
  normalize-range@^0.1.2:
    version "0.1.2"
    resolved "http://registry.npm.taobao.org/normalize-range/download/normalize-range-0.1.2.tgz#2d10c06bdfd312ea9777695a4d28439456b75942"
  
  npmconf@^2.1.2:
    version "2.1.2"
    resolved "http://registry.npm.taobao.org/npmconf/download/npmconf-2.1.2.tgz#66606a4a736f1e77a059aa071a79c94ab781853a"
    dependencies:
      config-chain "~1.1.8"
      inherits "~2.0.0"
      ini "^1.2.0"
      mkdirp "^0.5.0"
      nopt "~3.0.1"
      once "~1.3.0"
      osenv "^0.1.0"
      semver "2 || 3 || 4"
      uid-number "0.0.5"
  
  "npmlog@0 || 1 || 2 || 3":
    version "3.1.2"
    resolved "http://registry.npm.taobao.org/npmlog/download/npmlog-3.1.2.tgz#2d46fa874337af9498a2f12bb43d8d0be4a36873"
    dependencies:
      are-we-there-yet "~1.1.2"
      console-control-strings "~1.1.0"
      gauge "~2.6.0"
      set-blocking "~2.0.0"
  
  num2fraction@^1.2.2:
    version "1.2.2"
    resolved "http://registry.npm.taobao.org/num2fraction/download/num2fraction-1.2.2.tgz#6f682b6a027a4e9ddfa4564cd2589d1d4e669ede"
  
  number-is-nan@^1.0.0:
    version "1.0.1"
    resolved "http://registry.npm.taobao.org/number-is-nan/download/number-is-nan-1.0.1.tgz#097b602b53422a522c1afb8790318336941a011d"
  
  oauth-sign@~0.8.1:
    version "0.8.2"
    resolved "http://registry.npm.taobao.org/oauth-sign/download/oauth-sign-0.8.2.tgz#46a6ab7f0aead8deae9ec0565780b7d4efeb9d43"
  
  object-assign@^2.0.0:
    version "2.1.1"
    resolved "http://registry.npm.taobao.org/object-assign/download/object-assign-2.1.1.tgz#43c36e5d569ff8e4816c4efa8be02d26967c18aa"
  
  object-assign@^4.0.1, object-assign@^4.1.0:
    version "4.1.0"
    resolved "http://registry.npm.taobao.org/object-assign/download/object-assign-4.1.0.tgz#7a3b3d0e98063d43f4c03f2e8ae6cd51a86883a0"
  
  once@^1.3.0, once@~1.3.0:
    version "1.3.3"
    resolved "http://registry.npm.taobao.org/once/download/once-1.3.3.tgz#b2e261557ce4c314ec8304f3fa82663e4297ca20"
    dependencies:
      wrappy "1"
  
  os-homedir@^1.0.0:
    version "1.0.2"
    resolved "http://registry.npm.taobao.org/os-homedir/download/os-homedir-1.0.2.tgz#ffbc4988336e0e833de0c168c7ef152121aa7fb3"
  
  os-locale@^1.4.0:
    version "1.4.0"
    resolved "http://registry.npm.taobao.org/os-locale/download/os-locale-1.4.0.tgz#20f9f17ae29ed345e8bde583b13d2009803c14d9"
    dependencies:
      lcid "^1.0.0"
  
  os-shim@^0.1.2:
    version "0.1.3"
    resolved "http://registry.npm.taobao.org/os-shim/download/os-shim-0.1.3.tgz#6b62c3791cf7909ea35ed46e17658bb417cb3917"
  
  os-tmpdir@^1.0.0:
    version "1.0.2"
    resolved "http://registry.npm.taobao.org/os-tmpdir/download/os-tmpdir-1.0.2.tgz#bbe67406c79aa85c5cfec766fe5734555dfa1274"
  
  osenv@0, osenv@^0.1.0:
    version "0.1.3"
    resolved "http://registry.npm.taobao.org/osenv/download/osenv-0.1.3.tgz#83cf05c6d6458fc4d5ac6362ea325d92f2754217"
    dependencies:
      os-homedir "^1.0.0"
      os-tmpdir "^1.0.0"
  
  parse-json@^2.2.0:
    version "2.2.0"
    resolved "http://registry.npm.taobao.org/parse-json/download/parse-json-2.2.0.tgz#f480f40434ef80741f8469099f8dea18f55a4dc9"
    dependencies:
      error-ex "^1.2.0"
  
  path-array@^1.0.0:
    version "1.0.1"
    resolved "http://registry.npm.taobao.org/path-array/download/path-array-1.0.1.tgz#7e2f0f35f07a2015122b868b7eac0eb2c4fec271"
    dependencies:
      array-index "^1.0.0"
  
  path-exists@^2.0.0:
    version "2.1.0"
    resolved "http://registry.npm.taobao.org/path-exists/download/path-exists-2.1.0.tgz#0feb6c64f0fc518d9a754dd5efb62c7022761f4b"
    dependencies:
      pinkie-promise "^2.0.0"
  
  path-is-absolute@^1.0.0:
    version "1.0.1"
    resolved "http://registry.npm.taobao.org/path-is-absolute/download/path-is-absolute-1.0.1.tgz#174b9268735534ffbc7ace6bf53a5a9e1b5c5f5f"
  
  path-type@^1.0.0:
    version "1.1.0"
    resolved "http://registry.npm.taobao.org/path-type/download/path-type-1.1.0.tgz#59c44f7ee491da704da415da5a4070ba4f8fe441"
    dependencies:
      graceful-fs "^4.1.2"
      pify "^2.0.0"
      pinkie-promise "^2.0.0"
  
  pify@^2.0.0:
    version "2.3.0"
    resolved "http://registry.npm.taobao.org/pify/download/pify-2.3.0.tgz#ed141a6ac043a849ea588498e7dca8b15330e90c"
  
  pinkie-promise@^2.0.0:
    version "2.0.1"
    resolved "http://registry.npm.taobao.org/pinkie-promise/download/pinkie-promise-2.0.1.tgz#2135d6dfa7a358c069ac9b178776288228450ffa"
    dependencies:
      pinkie "^2.0.0"
  
  pinkie@^2.0.0:
    version "2.0.4"
    resolved "http://registry.npm.taobao.org/pinkie/download/pinkie-2.0.4.tgz#72556b80cfa0d48a974e80e77248e80ed4f7f870"
  
  postcss-value-parser@^3.2.3:
    version "3.3.0"
    resolved "http://registry.npm.taobao.org/postcss-value-parser/download/postcss-value-parser-3.3.0.tgz#87f38f9f18f774a4ab4c8a232f5c5ce8872a9d15"
  
  postcss@^5.2.4, postcss@^5.2.5:
    version "5.2.6"
    resolved "http://registry.npm.taobao.org/postcss/download/postcss-5.2.6.tgz#a252cd67cd52585035f17e9ad12b35137a7bdd9e"
    dependencies:
      chalk "^1.1.3"
      js-base64 "^2.1.9"
      source-map "^0.5.6"
      supports-color "^3.1.2"
  
  private@^0.1.6, private@~0.1.5:
    version "0.1.6"
    resolved "http://registry.npm.taobao.org/private/download/private-0.1.6.tgz#55c6a976d0f9bafb9924851350fe47b9b5fbb7c1"
  
  proto-list@~1.2.1:
    version "1.2.4"
    resolved "http://registry.npm.taobao.org/proto-list/download/proto-list-1.2.4.tgz#212d5bfe1318306a420f6402b8e26ff39647a849"
  
  pseudomap@^1.0.1:
    version "1.0.2"
    resolved "http://registry.npm.taobao.org/pseudomap/download/pseudomap-1.0.2.tgz#f052a28da70e618917ef0a8ac34c1ae5a68286b3"
  
  punycode@^1.4.1:
    version "1.4.1"
    resolved "http://registry.npm.taobao.org/punycode/download/punycode-1.4.1.tgz#c0d5a63b2718800ad8e1eb0fa5269c84dd41845e"
  
  q@^1.1.2:
    version "1.4.1"
    resolved "http://registry.npm.taobao.org/q/download/q-1.4.1.tgz#55705bcd93c5f3673530c2c2cbc0c2b3addc286e"
  
  qs@~6.3.0:
    version "6.3.0"
    resolved "http://registry.npm.taobao.org/qs/download/qs-6.3.0.tgz#f403b264f23bc01228c74131b407f18d5ea5d442"
  
  read-pkg-up@^1.0.1:
    version "1.0.1"
    resolved "http://registry.npm.taobao.org/read-pkg-up/download/read-pkg-up-1.0.1.tgz#9d63c13276c065918d57f002a57f40a1b643fb02"
    dependencies:
      find-up "^1.0.0"
      read-pkg "^1.0.0"
  
  read-pkg@^1.0.0:
    version "1.1.0"
    resolved "http://registry.npm.taobao.org/read-pkg/download/read-pkg-1.1.0.tgz#f5ffaa5ecd29cb31c0474bca7d756b6bb29e3f28"
    dependencies:
      load-json-file "^1.0.0"
      normalize-package-data "^2.3.2"
      path-type "^1.0.0"
  
  "readable-stream@^2.0.0 || ^1.1.13", readable-stream@~1.1.9:
    version "1.1.14"
    resolved "http://registry.npm.taobao.org/readable-stream/download/readable-stream-1.1.14.tgz#7cf4c54ef648e3813084c636dd2079e166c081d9"
    dependencies:
      core-util-is "~1.0.0"
      inherits "~2.0.1"
      isarray "0.0.1"
      string_decoder "~0.10.x"
  
  recast@^0.11.17:
    version "0.11.17"
    resolved "http://registry.npm.taobao.org/recast/download/recast-0.11.17.tgz#67e829df49ef8ea822381cc516d305411e60bad8"
    dependencies:
      ast-types "0.9.2"
      esprima "~3.1.0"
      private "~0.1.5"
      source-map "~0.5.0"
  
  redent@^1.0.0:
    version "1.0.0"
    resolved "http://registry.npm.taobao.org/redent/download/redent-1.0.0.tgz#cf916ab1fd5f1f16dfb20822dd6ec7f730c2afde"
    dependencies:
      indent-string "^2.1.0"
      strip-indent "^1.0.1"
  
  repeating@^2.0.0:
    version "2.0.1"
    resolved "http://registry.npm.taobao.org/repeating/download/repeating-2.0.1.tgz#5214c53a926d3552707527fbab415dbc08d06dda"
    dependencies:
      is-finite "^1.0.0"
  
  request@2, request@^2.61.0:
    version "2.79.0"
    resolved "http://registry.npm.taobao.org/request/download/request-2.79.0.tgz#4dfe5bf6be8b8cdc37fcf93e04b65577722710de"
    dependencies:
      aws-sign2 "~0.6.0"
      aws4 "^1.2.1"
      caseless "~0.11.0"
      combined-stream "~1.0.5"
      extend "~3.0.0"
      forever-agent "~0.6.1"
      form-data "~2.1.1"
      har-validator "~2.0.6"
      hawk "~3.1.3"
      http-signature "~1.1.0"
      is-typedarray "~1.0.0"
      isstream "~0.1.2"
      json-stringify-safe "~5.0.1"
      mime-types "~2.1.7"
      oauth-sign "~0.8.1"
      qs "~6.3.0"
      stringstream "~0.0.4"
      tough-cookie "~2.3.0"
      tunnel-agent "~0.4.1"
      uuid "^3.0.0"
  
  require-directory@^2.1.1:
    version "2.1.1"
    resolved "http://registry.npm.taobao.org/require-directory/download/require-directory-2.1.1.tgz#8c64ad5fd30dab1c976e2344ffe7f792a6a6df42"
  
  require-main-filename@^1.0.1:
    version "1.0.1"
    resolved "http://registry.npm.taobao.org/require-main-filename/download/require-main-filename-1.0.1.tgz#97f717b69d48784f5f526a6c5aa8ffdda055a4d1"
  
  rimraf@2:
    version "2.5.4"
    resolved "http://registry.npm.taobao.org/rimraf/download/rimraf-2.5.4.tgz#96800093cbf1a0c86bd95b4625467535c29dfa04"
    dependencies:
      glob "^7.0.5"
  
  sass-graph@^2.0.1:
    version "2.1.2"
    resolved "http://registry.npm.taobao.org/sass-graph/download/sass-graph-2.1.2.tgz#965104be23e8103cb7e5f710df65935b317da57b"
    dependencies:
      glob "^7.0.0"
      lodash "^4.0.0"
      yargs "^4.7.1"
  
  "semver@2 || 3 || 4", "semver@2 || 3 || 4 || 5", "semver@2.x || 3.x || 4 || 5":
    version "4.3.6"
    resolved "http://registry.npm.taobao.org/semver/download/semver-4.3.6.tgz#300bc6e0e86374f7ba61068b5b1ecd57fc6532da"
  
  set-blocking@^2.0.0, set-blocking@~2.0.0:
    version "2.0.0"
    resolved "http://registry.npm.taobao.org/set-blocking/download/set-blocking-2.0.0.tgz#045f9782d011ae9a6803ddd382b24392b3d890f7"
  
  sigmund@~1.0.0:
    version "1.0.1"
    resolved "http://registry.npm.taobao.org/sigmund/download/sigmund-1.0.1.tgz#3ff21f198cad2175f9f3b781853fd94d0d19b590"
  
  signal-exit@^3.0.0:
    version "3.0.1"
    resolved "http://registry.npm.taobao.org/signal-exit/download/signal-exit-3.0.1.tgz#5a4c884992b63a7acd9badb7894c3ee9cfccad81"
  
  sntp@1.x.x:
    version "1.0.9"
    resolved "http://registry.npm.taobao.org/sntp/download/sntp-1.0.9.tgz#6541184cc90aeea6c6e7b35e2659082443c66198"
    dependencies:
      hoek "2.x.x"
  
  source-map@^0.4.2:
    version "0.4.4"
    resolved "http://registry.npm.taobao.org/source-map/download/source-map-0.4.4.tgz#eba4f5da9c0dc999de68032d8b4f76173652036b"
    dependencies:
      amdefine ">=0.0.4"
  
  source-map@^0.5.3, source-map@^0.5.6, source-map@~0.5.0:
    version "0.5.6"
    resolved "http://registry.npm.taobao.org/source-map/download/source-map-0.5.6.tgz#75ce38f52bf0733c5a7f0c118d81334a2bb5f412"
  
  spawn-sync@^1.0.15:
    version "1.0.15"
    resolved "http://registry.npm.taobao.org/spawn-sync/download/spawn-sync-1.0.15.tgz#b00799557eb7fb0c8376c29d44e8a1ea67e57476"
    dependencies:
      concat-stream "^1.4.7"
      os-shim "^0.1.2"
  
  spdx-correct@~1.0.0:
    version "1.0.2"
    resolved "http://registry.npm.taobao.org/spdx-correct/download/spdx-correct-1.0.2.tgz#4b3073d933ff51f3912f03ac5519498a4150db40"
    dependencies:
      spdx-license-ids "^1.0.2"
  
  spdx-expression-parse@~1.0.0:
    version "1.0.4"
    resolved "http://registry.npm.taobao.org/spdx-expression-parse/download/spdx-expression-parse-1.0.4.tgz#9bdf2f20e1f40ed447fbe273266191fced51626c"
  
  spdx-license-ids@^1.0.2:
    version "1.2.2"
    resolved "http://registry.npm.taobao.org/spdx-license-ids/download/spdx-license-ids-1.2.2.tgz#c9df7a3424594ade6bd11900d596696dc06bac57"
  
  sshpk@^1.7.0:
    version "1.10.1"
    resolved "http://registry.npm.taobao.org/sshpk/download/sshpk-1.10.1.tgz#30e1a5d329244974a1af61511339d595af6638b0"
    dependencies:
      asn1 "~0.2.3"
      assert-plus "^1.0.0"
      dashdash "^1.12.0"
      getpass "^0.1.1"
    optionalDependencies:
      bcrypt-pbkdf "^1.0.0"
      ecc-jsbn "~0.1.1"
      jodid25519 "^1.0.0"
      jsbn "~0.1.0"
      tweetnacl "~0.14.0"
  
  string-width@^1.0.1:
    version "1.0.2"
    resolved "http://registry.npm.taobao.org/string-width/download/string-width-1.0.2.tgz#118bdf5b8cdc51a2a7e70d211e07e2b0b9b107d3"
    dependencies:
      code-point-at "^1.0.0"
      is-fullwidth-code-point "^1.0.0"
      strip-ansi "^3.0.0"
  
  string_decoder@~0.10.x:
    version "0.10.31"
    resolved "http://registry.npm.taobao.org/string_decoder/download/string_decoder-0.10.31.tgz#62e203bc41766c6c28c9fc84301dab1c5310fa94"
  
  stringstream@~0.0.4:
    version "0.0.5"
    resolved "http://registry.npm.taobao.org/stringstream/download/stringstream-0.0.5.tgz#4e484cd4de5a0bbbee18e46307710a8a81621878"
  
  strip-ansi@^3.0.0, strip-ansi@^3.0.1:
    version "3.0.1"
    resolved "http://registry.npm.taobao.org/strip-ansi/download/strip-ansi-3.0.1.tgz#6a385fb8853d952d5ff05d0e8aaf94278dc63dcf"
    dependencies:
      ansi-regex "^2.0.0"
  
  strip-bom@^2.0.0:
    version "2.0.0"
    resolved "http://registry.npm.taobao.org/strip-bom/download/strip-bom-2.0.0.tgz#6219a85616520491f35788bdbf1447a99c7e6b0e"
    dependencies:
      is-utf8 "^0.2.0"
  
  strip-indent@^1.0.1:
    version "1.0.1"
    resolved "http://registry.npm.taobao.org/strip-indent/download/strip-indent-1.0.1.tgz#0c7962a6adefa7bbd4ac366460a638552ae1a0a2"
    dependencies:
      get-stdin "^4.0.1"
  
  supports-color@^2.0.0:
    version "2.0.0"
    resolved "http://registry.npm.taobao.org/supports-color/download/supports-color-2.0.0.tgz#535d045ce6b6363fa40117084629995e9df324c7"
  
  supports-color@^3.1.2:
    version "3.1.2"
    resolved "http://registry.npm.taobao.org/supports-color/download/supports-color-3.1.2.tgz#72a262894d9d408b956ca05ff37b2ed8a6e2a2d5"
    dependencies:
      has-flag "^1.0.0"
  
  sync@^0.2.5:
    version "0.2.5"
    resolved "http://registry.npm.taobao.org/sync/download/sync-0.2.5.tgz#3910bb9b66abee56542e2e70f0ce549031252df6"
    dependencies:
      fibers ">=0.6"
  
  tar@^2.0.0:
    version "2.2.1"
    resolved "http://registry.npm.taobao.org/tar/download/tar-2.2.1.tgz#8e4d2a256c0e2185c6b18ad694aec968b83cb1d1"
    dependencies:
      block-stream "*"
      fstream "^1.0.2"
      inherits "2"
  
  through@~2.3.4:
    version "2.3.8"
    resolved "http://registry.npm.taobao.org/through/download/through-2.3.8.tgz#0dd4c9ffaabc357960b1b724115d7e0e86a2e1f5"
  
  tough-cookie@~2.3.0:
    version "2.3.2"
    resolved "http://registry.npm.taobao.org/tough-cookie/download/tough-cookie-2.3.2.tgz#f081f76e4c85720e6c37a5faced737150d84072a"
    dependencies:
      punycode "^1.4.1"
  
  trim-newlines@^1.0.0:
    version "1.0.0"
    resolved "http://registry.npm.taobao.org/trim-newlines/download/trim-newlines-1.0.0.tgz#5887966bb582a4503a41eb524f7d35011815a613"
  
  tunnel-agent@~0.4.1:
    version "0.4.3"
    resolved "http://registry.npm.taobao.org/tunnel-agent/download/tunnel-agent-0.4.3.tgz#6373db76909fe570e08d73583365ed828a74eeeb"
  
  tweetnacl@^0.14.3, tweetnacl@~0.14.0:
    version "0.14.3"
    resolved "http://registry.npm.taobao.org/tweetnacl/download/tweetnacl-0.14.3.tgz#3da382f670f25ded78d7b3d1792119bca0b7132d"
  
  typedarray@~0.0.5:
    version "0.0.6"
    resolved "http://registry.npm.taobao.org/typedarray/download/typedarray-0.0.6.tgz#867ac74e3864187b1d3d47d996a78ec5c8830777"
  
  uid-number@0.0.5:
    version "0.0.5"
    resolved "http://registry.npm.taobao.org/uid-number/download/uid-number-0.0.5.tgz#5a3db23ef5dbd55b81fce0ec9a2ac6fccdebb81e"
  
  uuid@^3.0.0:
    version "3.0.0"
    resolved "http://registry.npm.taobao.org/uuid/download/uuid-3.0.0.tgz#6728fc0459c450d796a99c31837569bdf672d728"
  
  validate-npm-package-license@^3.0.1:
    version "3.0.1"
    resolved "http://registry.npm.taobao.org/validate-npm-package-license/download/validate-npm-package-license-3.0.1.tgz#2804babe712ad3379459acfbe24746ab2c303fbc"
    dependencies:
      spdx-correct "~1.0.0"
      spdx-expression-parse "~1.0.0"
  
  verror@1.3.6:
    version "1.3.6"
    resolved "http://registry.npm.taobao.org/verror/download/verror-1.3.6.tgz#cff5df12946d297d2baaefaa2689e25be01c005c"
    dependencies:
      extsprintf "1.0.2"
  
  vue-resource@^1.0.3:
    version "1.0.3"
    resolved "http://registry.npm.taobao.org/vue-resource/download/vue-resource-1.0.3.tgz#8d52d0d8a9ed5f2ae704c68d530c84ceaf97be14"
  
  vue-router@0.7.13:
    version "0.7.13"
    resolved "http://registry.npm.taobao.org/vue-router/download/vue-router-0.7.13.tgz#e1f0f042ac2561504b27f46f6dcd17b832b1c8d1"
  
  vue-validator@^3.0.0-alpha.1:
    version "3.0.0-alpha.1"
    resolved "http://registry.npm.taobao.org/vue-validator/download/vue-validator-3.0.0-alpha.1.tgz#38cc6e5677acaefe9b0ee86951ccc0351b29bdb2"
  
  vue@1.0.16:
    version "1.0.16"
    resolved "http://registry.npm.taobao.org/vue/download/vue-1.0.16.tgz#fdda77e7214b3c69e0d5b1666512e5cf42da5e4f"
    dependencies:
      envify "^3.4.0"
  
  which-module@^1.0.0:
    version "1.0.0"
    resolved "http://registry.npm.taobao.org/which-module/download/which-module-1.0.0.tgz#bba63ca861948994ff307736089e3b96026c2a4f"
  
  which@1, which@^1.2.8:
    version "1.2.12"
    resolved "http://registry.npm.taobao.org/which/download/which-1.2.12.tgz#de67b5e450269f194909ef23ece4ebe416fa1192"
    dependencies:
      isexe "^1.1.1"
  
  wide-align@^1.1.0:
    version "1.1.0"
    resolved "http://registry.npm.taobao.org/wide-align/download/wide-align-1.1.0.tgz#40edde802a71fea1f070da3e62dcda2e7add96ad"
    dependencies:
      string-width "^1.0.1"
  
  window-size@^0.2.0:
    version "0.2.0"
    resolved "http://registry.npm.taobao.org/window-size/download/window-size-0.2.0.tgz#b4315bb4214a3d7058ebeee892e13fa24d98b075"
  
  wrap-ansi@^2.0.0:
    version "2.0.0"
    resolved "http://registry.npm.taobao.org/wrap-ansi/download/wrap-ansi-2.0.0.tgz#7d30f8f873f9a5bbc3a64dabc8d177e071ae426f"
    dependencies:
      string-width "^1.0.1"
  
  wrappy@1:
    version "1.0.2"
    resolved "http://registry.npm.taobao.org/wrappy/download/wrappy-1.0.2.tgz#b5243d8f3ec1aa35f1364605bc0d1036e30ab69f"
  
  xtend@^4.0.0:
    version "4.0.1"
    resolved "http://registry.npm.taobao.org/xtend/download/xtend-4.0.1.tgz#a5c6d532be656e23db820efb943a1f04998d63af"
  
  y18n@^3.2.1:
    version "3.2.1"
    resolved "http://registry.npm.taobao.org/y18n/download/y18n-3.2.1.tgz#6d15fba884c08679c0d77e88e7759e811e07fa41"
  
  yallist@^2.0.0:
    version "2.0.0"
    resolved "http://registry.npm.taobao.org/yallist/download/yallist-2.0.0.tgz#306c543835f09ee1a4cb23b7bce9ab341c91cdd4"
  
  yargs-parser@^2.4.1:
    version "2.4.1"
    resolved "http://registry.npm.taobao.org/yargs-parser/download/yargs-parser-2.4.1.tgz#85568de3cf150ff49fa51825f03a8c880ddcc5c4"
    dependencies:
      camelcase "^3.0.0"
      lodash.assign "^4.0.6"
  
  yargs@^4.7.1:
    version "4.8.1"
    resolved "http://registry.npm.taobao.org/yargs/download/yargs-4.8.1.tgz#c0c42924ca4aaa6b0e6da1739dfb216439f9ddc0"
    dependencies:
      cliui "^3.2.0"
      decamelize "^1.1.1"
      get-caller-file "^1.0.1"
      lodash.assign "^4.0.3"
      os-locale "^1.4.0"
      read-pkg-up "^1.0.1"
      require-directory "^2.1.1"
      require-main-filename "^1.0.1"
      set-blocking "^2.0.0"
      string-width "^1.0.1"
      which-module "^1.0.0"
      window-size "^0.2.0"
      y18n "^3.2.1"
      yargs-parser "^2.4.1"

Trace: 
  Error: getaddrinfo ENOTFOUND registry.npmjs.com registry.npmjs.com:443
      at errnoException (dns.js:28:10)
      at GetAddrInfoReqWrap.onlookup [as oncomplete] (dns.js:76:26)
